Compiling the CXX compiler identification source file "CMakeCXXCompilerId.cpp" failed.
Compiler: arm-linux-gnueabihf-g++ 
Build flags: -g;-O2;-fdebug-prefix-map=/home/olivarezseth23/ObsidianOS-imager=.;-fstack-protector-strong;-Wformat;-Werror=format-security;-Wdate-time;-D_FORTIFY_SOURCE=2
Id flags:  

The output was:
No such file or directory


Compiling the CXX compiler identification source file "CMakeCXXCompilerId.cpp" failed.
Compiler: arm-linux-gnueabihf-g++ 
Build flags: -g;-O2;-fdebug-prefix-map=/home/olivarezseth23/ObsidianOS-imager=.;-fstack-protector-strong;-Wformat;-Werror=format-security;-Wdate-time;-D_FORTIFY_SOURCE=2
Id flags: -c 

The output was:
No such file or directory


Compiling the CXX compiler identification source file "CMakeCXXCompilerId.cpp" failed.
Compiler: arm-linux-gnueabihf-g++ 
Build flags: -g;-O2;-fdebug-prefix-map=/home/olivarezseth23/ObsidianOS-imager=.;-fstack-protector-strong;-Wformat;-Werror=format-security;-Wdate-time;-D_FORTIFY_SOURCE=2
Id flags: --c++ 

The output was:
No such file or directory


Compiling the CXX compiler identification source file "CMakeCXXCompilerId.cpp" failed.
Compiler: arm-linux-gnueabihf-g++ 
Build flags: -g;-O2;-fdebug-prefix-map=/home/olivarezseth23/ObsidianOS-imager=.;-fstack-protector-strong;-Wformat;-Werror=format-security;-Wdate-time;-D_FORTIFY_SOURCE=2
Id flags: --ec++ 

The output was:
No such file or directory


Compiling the CXX compiler identification source file "CMakeCXXCompilerId.cpp" failed.
Compiler: arm-linux-gnueabihf-g++ 
Build flags: 
Id flags:  

The output was:
No such file or directory


Compiling the CXX compiler identification source file "CMakeCXXCompilerId.cpp" failed.
Compiler: arm-linux-gnueabihf-g++ 
Build flags: 
Id flags: -c 

The output was:
No such file or directory


Compiling the CXX compiler identification source file "CMakeCXXCompilerId.cpp" failed.
Compiler: arm-linux-gnueabihf-g++ 
Build flags: 
Id flags: --c++ 

The output was:
No such file or directory


Compiling the CXX compiler identification source file "CMakeCXXCompilerId.cpp" failed.
Compiler: arm-linux-gnueabihf-g++ 
Build flags: 
Id flags: --ec++ 

The output was:
No such file or directory


Checking whether the CXX compiler is IAR using "" did not match "IAR .+ Compiler":
Checking whether the CXX compiler is IAR using "" did not match "IAR .+ Compiler":
Compiling the C compiler identification source file "CMakeCCompilerId.c" failed.
Compiler: arm-linux-gnueabihf-gcc 
Build flags: -g;-O2;-fdebug-prefix-map=/home/olivarezseth23/ObsidianOS-imager=.;-fstack-protector-strong;-Wformat;-Werror=format-security;-Wdate-time;-D_FORTIFY_SOURCE=2
Id flags:  

The output was:
No such file or directory


Compiling the C compiler identification source file "CMakeCCompilerId.c" failed.
Compiler: arm-linux-gnueabihf-gcc 
Build flags: -g;-O2;-fdebug-prefix-map=/home/olivarezseth23/ObsidianOS-imager=.;-fstack-protector-strong;-Wformat;-Werror=format-security;-Wdate-time;-D_FORTIFY_SOURCE=2
Id flags: -c 

The output was:
No such file or directory


Compiling the C compiler identification source file "CMakeCCompilerId.c" failed.
Compiler: arm-linux-gnueabihf-gcc 
Build flags: -g;-O2;-fdebug-prefix-map=/home/olivarezseth23/ObsidianOS-imager=.;-fstack-protector-strong;-Wformat;-Werror=format-security;-Wdate-time;-D_FORTIFY_SOURCE=2
Id flags: -Aa 

The output was:
No such file or directory


Compiling the C compiler identification source file "CMakeCCompilerId.c" failed.
Compiler: arm-linux-gnueabihf-gcc 
Build flags: -g;-O2;-fdebug-prefix-map=/home/olivarezseth23/ObsidianOS-imager=.;-fstack-protector-strong;-Wformat;-Werror=format-security;-Wdate-time;-D_FORTIFY_SOURCE=2
Id flags: -D__CLASSIC_C__ 

The output was:
No such file or directory


Compiling the C compiler identification source file "CMakeCCompilerId.c" failed.
Compiler: arm-linux-gnueabihf-gcc 
Build flags: 
Id flags:  

The output was:
No such file or directory


Compiling the C compiler identification source file "CMakeCCompilerId.c" failed.
Compiler: arm-linux-gnueabihf-gcc 
Build flags: 
Id flags: -c 

The output was:
No such file or directory


Compiling the C compiler identification source file "CMakeCCompilerId.c" failed.
Compiler: arm-linux-gnueabihf-gcc 
Build flags: 
Id flags: -Aa 

The output was:
No such file or directory


Compiling the C compiler identification source file "CMakeCCompilerId.c" failed.
Compiler: arm-linux-gnueabihf-gcc 
Build flags: 
Id flags: -D__CLASSIC_C__ 

The output was:
No such file or directory


Checking whether the C compiler is IAR using "" did not match "IAR .+ Compiler":
Checking whether the C compiler is IAR using "" did not match "IAR .+ Compiler":
